<?xml version="1.0" encoding="UTF-8"?>
<!-- Generated by org.testng.reporters.JUnitReportReporter -->
<testsuite skipped="0" hostname="DESKTOP-L22C96I" name="com.dilara.badretdinova.CreateNewDocPPTest" tests="6" failures="0" timestamp="12 фев 2018 09:05:55 GMT" time="18.449" errors="0">
  <testcase name="verificationPriorityTypeOfPayment" time="3.139" classname="com.dilara.badretdinova.CreateNewDocPPTest"/>
  <testcase name="verificationTypePayment" time="2.707" classname="com.dilara.badretdinova.CreateNewDocPPTest"/>
  <testcase name="verificationDocDate" time="2.585" classname="com.dilara.badretdinova.CreateNewDocPPTest"/>
  <testcase name="verificationDocNumber" time="3.237" classname="com.dilara.badretdinova.CreateNewDocPPTest"/>
  <testcase name="verificationTemplate" time="3.612" classname="com.dilara.badretdinova.CreateNewDocPPTest"/>
  <testcase name="verificationCodeEnter" time="3.169" classname="com.dilara.badretdinova.CreateNewDocPPTest"/>
</testsuite> <!-- com.dilara.badretdinova.CreateNewDocPPTest -->
