<?xml version="1.0" encoding="UTF-8"?>
<!-- Generated by org.testng.reporters.JUnitReportReporter -->
<testsuite skipped="0" hostname="DESKTOP-L22C96I" name="com.dilara.badretdinova.DeleteMessagesTest" tests="1" failures="0" timestamp="12 фев 2018 09:05:55 GMT" time="3.600" errors="0">
  <testcase name="deleteMessage" time="3.600" classname="com.dilara.badretdinova.DeleteMessagesTest"/>
</testsuite> <!-- com.dilara.badretdinova.DeleteMessagesTest -->
